2020-05-05 13:13:56	1132	Hello World	0	[INFO]	[root]	tests/test_config.cc:256	name = class.vec_map description = system person typename = std::map<std::__cxx11::basic_string<char, std::char_traits<char>, std::allocator<char> >, std::vector<Person, std::allocator<Person> >, std::less<std::__cxx11::basic_string<char, std::char_traits<char>, std::allocator<char> > >, std::allocator<std::pair<std::__cxx11::basic_string<char, std::char_traits<char>, std::allocator<char> > const, std::vector<Person, std::allocator<Person> > > > > value = {}
2020-05-05 13:13:56	1132	Hello World	0	[INFO]	[root]	tests/test_config.cc:256	name = class.map description = system person typename = std::map<std::__cxx11::basic_string<char, std::char_traits<char>, std::allocator<char> >, Person, std::less<std::__cxx11::basic_string<char, std::char_traits<char>, std::allocator<char> > >, std::allocator<std::pair<std::__cxx11::basic_string<char, std::char_traits<char>, std::allocator<char> > const, Person> > > value = {}
2020-05-05 13:13:56	1132	Hello World	0	[INFO]	[root]	tests/test_config.cc:256	name = class.person description = system person typename = Person value = name: ""
age: 0
sex: false
2020-05-05 13:13:56	1132	Hello World	0	[INFO]	[root]	tests/test_config.cc:256	name = system.int_map description = system int map typename = std::map<std::__cxx11::basic_string<char, std::char_traits<char>, std::allocator<char> >, int, std::less<std::__cxx11::basic_string<char, std::char_traits<char>, std::allocator<char> > >, std::allocator<std::pair<std::__cxx11::basic_string<char, std::char_traits<char>, std::allocator<char> > const, int> > > value = a: 1
b: 2
2020-05-05 13:13:56	1132	Hello World	0	[INFO]	[root]	tests/test_config.cc:256	name = system.int_uset description = system int uset typename = std::unordered_set<int, std::hash<int>, std::equal_to<int>, std::allocator<int> > value = - 119
- 110
2020-05-05 13:13:56	1132	Hello World	0	[INFO]	[root]	tests/test_config.cc:256	name = system.int_umap description = system int umap typename = std::unordered_map<std::__cxx11::basic_string<char, std::char_traits<char>, std::allocator<char> >, int, std::hash<std::__cxx11::basic_string<char, std::char_traits<char>, std::allocator<char> > >, std::equal_to<std::__cxx11::basic_string<char, std::char_traits<char>, std::allocator<char> > >, std::allocator<std::pair<std::__cxx11::basic_string<char, std::char_traits<char>, std::allocator<char> > const, int> > > value = b: 2
a: 1
2020-05-05 13:13:56	1132	Hello World	0	[INFO]	[root]	tests/test_config.cc:256	name = logs description = logs config typename = std::set<ygw::log::LogDefine, std::less<ygw::log::LogDefine>, std::allocator<ygw::log::LogDefine> > value = - name: root
  level: INFO
  appenders:
    - type: FileLogAppender
      file: ./tmp/root.log
    - type: StdoutLogAppender
- name: system
  level: INFO
  appenders:
    - type: FileLogAppender
      file: ./tmp/system.log
    - type: StdoutLogAppender
2020-05-05 13:13:56	1132	Hello World	0	[INFO]	[root]	tests/test_config.cc:256	name = system.value description = system value typename = float value = 3.1400001
2020-05-05 13:13:56	1132	Hello World	0	[INFO]	[root]	tests/test_config.cc:256	name = system.port description = system port typename = int value = 8080
2020-05-05 13:13:56	1132	Hello World	0	[INFO]	[root]	tests/test_config.cc:256	name = system.int_vec description = system int vec typename = std::vector<int, std::allocator<int> > value = - 1
- 2
- 3
2020-05-05 13:13:56	1132	Hello World	0	[INFO]	[root]	tests/test_config.cc:256	name = system.int_lst description = system int lst typename = std::__cxx11::list<int, std::allocator<int> > value = - 11
- 22
- 33
2020-05-05 13:13:56	1132	Hello World	0	[INFO]	[root]	tests/test_config.cc:256	name = system.int_set description = system int set typename = std::set<int, std::less<int>, std::allocator<int> > value = - 110
- 119
